CRITICAL - 2022-11-28 06:30:03 --> Unable to locate view cell class: \App\Controller\Admin\Menu.
in SYSTEMPATH\View\Cell.php on line 201.
 1 SYSTEMPATH\View\Cell.php(201): CodeIgniter\View\Exceptions\ViewException::forInvalidCellClass('\\App\\Controller\\Admin\\Menu')
 2 SYSTEMPATH\View\Cell.php(71): CodeIgniter\View\Cell->determineClass('\\App\\Controller\\Admin\\Menu:option')
 3 SYSTEMPATH\Common.php(1150): CodeIgniter\View\Cell->render('\\App\\Controller\\Admin\\Menu::option', null, 0, null)
 4 APPPATH\Views\menu\form.php(6): view_cell('\\App\\Controller\\Admin\\Menu::option')
 5 SYSTEMPATH\View\View.php(213): include('APPPATH\\Views\\menu\\form.php')
 6 SYSTEMPATH\View\View.php(216): CodeIgniter\View\View->CodeIgniter\View\{closure}()
 7 SYSTEMPATH\Common.php(1134): CodeIgniter\View\View->render('menu/form', [], true)
 8 APPPATH\Controllers\Admin\Menu.php(11): view('menu/form')
 9 SYSTEMPATH\CodeIgniter.php(927): App\Controllers\Admin\Menu->index()
10 SYSTEMPATH\CodeIgniter.php(482): CodeIgniter\CodeIgniter->runController(Object(App\Controllers\Admin\Menu))
11 SYSTEMPATH\CodeIgniter.php(351): CodeIgniter\CodeIgniter->handleRequest(null, Object(Config\Cache), false)
12 FCPATH\index.php(67): CodeIgniter\CodeIgniter->run()
CRITICAL - 2022-11-28 06:30:14 --> Unable to locate view cell class: \App\Controller\Admin\Menu.
in SYSTEMPATH\View\Cell.php on line 201.
 1 SYSTEMPATH\View\Cell.php(201): CodeIgniter\View\Exceptions\ViewException::forInvalidCellClass('\\App\\Controller\\Admin\\Menu')
 2 SYSTEMPATH\View\Cell.php(71): CodeIgniter\View\Cell->determineClass('\\App\\Controller\\Admin\\Menu:option')
 3 SYSTEMPATH\Common.php(1150): CodeIgniter\View\Cell->render('\\App\\Controller\\Admin\\Menu::option', null, 0, null)
 4 APPPATH\Views\menu\form.php(6): view_cell('\\App\\Controller\\Admin\\Menu::option')
 5 SYSTEMPATH\View\View.php(213): include('APPPATH\\Views\\menu\\form.php')
 6 SYSTEMPATH\View\View.php(216): CodeIgniter\View\View->CodeIgniter\View\{closure}()
 7 SYSTEMPATH\Common.php(1134): CodeIgniter\View\View->render('menu/form', [], true)
 8 APPPATH\Controllers\Admin\Menu.php(11): view('menu/form')
 9 SYSTEMPATH\CodeIgniter.php(927): App\Controllers\Admin\Menu->index()
10 SYSTEMPATH\CodeIgniter.php(482): CodeIgniter\CodeIgniter->runController(Object(App\Controllers\Admin\Menu))
11 SYSTEMPATH\CodeIgniter.php(351): CodeIgniter\CodeIgniter->handleRequest(null, Object(Config\Cache), false)
12 FCPATH\index.php(67): CodeIgniter\CodeIgniter->run()
CRITICAL - 2022-11-28 06:30:16 --> Unable to locate view cell class: \App\Controller\Admin\Menu.
in SYSTEMPATH\View\Cell.php on line 201.
 1 SYSTEMPATH\View\Cell.php(201): CodeIgniter\View\Exceptions\ViewException::forInvalidCellClass('\\App\\Controller\\Admin\\Menu')
 2 SYSTEMPATH\View\Cell.php(71): CodeIgniter\View\Cell->determineClass('\\App\\Controller\\Admin\\Menu:option')
 3 SYSTEMPATH\Common.php(1150): CodeIgniter\View\Cell->render('\\App\\Controller\\Admin\\Menu::option', null, 0, null)
 4 APPPATH\Views\menu\form.php(6): view_cell('\\App\\Controller\\Admin\\Menu::option')
 5 SYSTEMPATH\View\View.php(213): include('APPPATH\\Views\\menu\\form.php')
 6 SYSTEMPATH\View\View.php(216): CodeIgniter\View\View->CodeIgniter\View\{closure}()
 7 SYSTEMPATH\Common.php(1134): CodeIgniter\View\View->render('menu/form', [], true)
 8 APPPATH\Controllers\Admin\Menu.php(11): view('menu/form')
 9 SYSTEMPATH\CodeIgniter.php(927): App\Controllers\Admin\Menu->index()
10 SYSTEMPATH\CodeIgniter.php(482): CodeIgniter\CodeIgniter->runController(Object(App\Controllers\Admin\Menu))
11 SYSTEMPATH\CodeIgniter.php(351): CodeIgniter\CodeIgniter->handleRequest(null, Object(Config\Cache), false)
12 FCPATH\index.php(67): CodeIgniter\CodeIgniter->run()
CRITICAL - 2022-11-28 06:38:00 --> syntax error, unexpected token "endforeach", expecting end of file
in APPPATH\Views\template\option.php on line 4.
 1 SYSTEMPATH\View\View.php(216): CodeIgniter\View\View->CodeIgniter\View\{closure}()
 2 SYSTEMPATH\Common.php(1134): CodeIgniter\View\View->render('template/option', [], true)
 3 APPPATH\Controllers\Admin\Menu.php(35): view('template/option', [...])
 4 SYSTEMPATH\View\Cell.php(105): App\Controllers\Admin\Menu->option()
 5 SYSTEMPATH\Common.php(1150): CodeIgniter\View\Cell->render('App\\Controllers\\Admin\\Menu::option', null, 0, 'AppControllersAdminMenuoptiondcca48101505dd86b703689a604fe3c4')
 6 APPPATH\Views\menu\form.php(6): view_cell('App\\Controllers\\Admin\\Menu::option')
 7 SYSTEMPATH\View\View.php(213): include('APPPATH\\Views\\menu\\form.php')
 8 SYSTEMPATH\View\View.php(216): CodeIgniter\View\View->CodeIgniter\View\{closure}()
 9 SYSTEMPATH\Common.php(1134): CodeIgniter\View\View->render('menu/form', [], true)
10 APPPATH\Controllers\Admin\Menu.php(13): view('menu/form')
11 SYSTEMPATH\CodeIgniter.php(927): App\Controllers\Admin\Menu->index()
12 SYSTEMPATH\CodeIgniter.php(482): CodeIgniter\CodeIgniter->runController(Object(App\Controllers\Admin\Menu))
13 SYSTEMPATH\CodeIgniter.php(351): CodeIgniter\CodeIgniter->handleRequest(null, Object(Config\Cache), false)
14 FCPATH\index.php(67): CodeIgniter\CodeIgniter->run()
CRITICAL - 2022-11-28 19:29:40 --> There is no data to update.
in SYSTEMPATH\BaseModel.php on line 1598.
 1 SYSTEMPATH\BaseModel.php(1598): CodeIgniter\Database\Exceptions\DataException::forEmptyDataset('update')
 2 SYSTEMPATH\BaseModel.php(853): CodeIgniter\BaseModel->transformDataToArray(null, 'update')
 3 SYSTEMPATH\Model.php(693): CodeIgniter\BaseModel->update([...], null)
 4 APPPATH\Controllers\Admin\Kategori.php(76): CodeIgniter\Model->update([...])
 5 SYSTEMPATH\CodeIgniter.php(927): App\Controllers\Admin\Kategori->update()
 6 SYSTEMPATH\CodeIgniter.php(482): CodeIgniter\CodeIgniter->runController(Object(App\Controllers\Admin\Kategori))
 7 SYSTEMPATH\CodeIgniter.php(351): CodeIgniter\CodeIgniter->handleRequest(null, Object(Config\Cache), false)
 8 FCPATH\index.php(67): CodeIgniter\CodeIgniter->run()
CRITICAL - 2022-11-28 22:51:34 --> Undefined variable $page
in APPPATH\Views\kategori\select.php on line 40.
 1 APPPATH\Views\kategori\select.php(40): CodeIgniter\Debug\Exceptions->errorHandler(2, 'Undefined variable $page', 'APPPATH\\Views\\kategori\\select.php', 40)
 2 SYSTEMPATH\View\View.php(213): include('APPPATH\\Views\\kategori\\select.php')
 3 SYSTEMPATH\View\View.php(216): CodeIgniter\View\View->CodeIgniter\View\{closure}()
 4 SYSTEMPATH\Common.php(1134): CodeIgniter\View\View->render('kategori/select', [], true)
 5 APPPATH\Controllers\Admin\Kategori.php(28): view('kategori/select', [...])
 6 SYSTEMPATH\CodeIgniter.php(927): App\Controllers\Admin\Kategori->read()
 7 SYSTEMPATH\CodeIgniter.php(482): CodeIgniter\CodeIgniter->runController(Object(App\Controllers\Admin\Kategori))
 8 SYSTEMPATH\CodeIgniter.php(351): CodeIgniter\CodeIgniter->handleRequest(null, Object(Config\Cache), false)
 9 FCPATH\index.php(67): CodeIgniter\CodeIgniter->run()
CRITICAL - 2022-11-28 22:57:30 --> Undefined variable $no
in APPPATH\Views\kategori\select.php on line 42.
 1 APPPATH\Views\kategori\select.php(42): CodeIgniter\Debug\Exceptions->errorHandler(2, 'Undefined variable $no', 'APPPATH\\Views\\kategori\\select.php', 42)
 2 SYSTEMPATH\View\View.php(213): include('APPPATH\\Views\\kategori\\select.php')
 3 SYSTEMPATH\View\View.php(216): CodeIgniter\View\View->CodeIgniter\View\{closure}()
 4 SYSTEMPATH\Common.php(1134): CodeIgniter\View\View->render('kategori/select', [], true)
 5 APPPATH\Controllers\Admin\Kategori.php(28): view('kategori/select', [...])
 6 SYSTEMPATH\CodeIgniter.php(927): App\Controllers\Admin\Kategori->read()
 7 SYSTEMPATH\CodeIgniter.php(482): CodeIgniter\CodeIgniter->runController(Object(App\Controllers\Admin\Kategori))
 8 SYSTEMPATH\CodeIgniter.php(351): CodeIgniter\CodeIgniter->handleRequest(null, Object(Config\Cache), false)
 9 FCPATH\index.php(67): CodeIgniter\CodeIgniter->run()
