CRITICAL - 2022-11-30 05:59:02 --> Undefined variable $kategori
in APPPATH\Views\menu\select.php on line 43.
 1 APPPATH\Views\menu\select.php(43): CodeIgniter\Debug\Exceptions->errorHandler(2, 'Undefined variable $kategori', 'APPPATH\\Views\\menu\\select.php', 43)
 2 SYSTEMPATH\View\View.php(213): include('APPPATH\\Views\\menu\\select.php')
 3 SYSTEMPATH\View\View.php(216): CodeIgniter\View\View->CodeIgniter\View\{closure}()
 4 SYSTEMPATH\Common.php(1134): CodeIgniter\View\View->render('menu/select', [], true)
 5 APPPATH\Controllers\Admin\Menu.php(24): view('menu/select', [...])
 6 SYSTEMPATH\CodeIgniter.php(927): App\Controllers\Admin\Menu->index()
 7 SYSTEMPATH\CodeIgniter.php(482): CodeIgniter\CodeIgniter->runController(Object(App\Controllers\Admin\Menu))
 8 SYSTEMPATH\CodeIgniter.php(351): CodeIgniter\CodeIgniter->handleRequest(null, Object(Config\Cache), false)
 9 FCPATH\index.php(67): CodeIgniter\CodeIgniter->run()
CRITICAL - 2022-11-30 06:01:36 --> Undefined array key "keterangan"
in APPPATH\Views\menu\select.php on line 47.
 1 APPPATH\Views\menu\select.php(47): CodeIgniter\Debug\Exceptions->errorHandler(2, 'Undefined array key "keterangan"', 'APPPATH\\Views\\menu\\select.php', 47)
 2 SYSTEMPATH\View\View.php(213): include('APPPATH\\Views\\menu\\select.php')
 3 SYSTEMPATH\View\View.php(216): CodeIgniter\View\View->CodeIgniter\View\{closure}()
 4 SYSTEMPATH\Common.php(1134): CodeIgniter\View\View->render('menu/select', [], true)
 5 APPPATH\Controllers\Admin\Menu.php(24): view('menu/select', [...])
 6 SYSTEMPATH\CodeIgniter.php(927): App\Controllers\Admin\Menu->index()
 7 SYSTEMPATH\CodeIgniter.php(482): CodeIgniter\CodeIgniter->runController(Object(App\Controllers\Admin\Menu))
 8 SYSTEMPATH\CodeIgniter.php(351): CodeIgniter\CodeIgniter->handleRequest(null, Object(Config\Cache), false)
 9 FCPATH\index.php(67): CodeIgniter\CodeIgniter->run()
CRITICAL - 2022-11-30 06:58:19 --> Call to a member function links() on null
in APPPATH\Views\menu\cari.php on line 73.
 1 SYSTEMPATH\View\View.php(213): include()
 2 SYSTEMPATH\View\View.php(216): CodeIgniter\View\View->CodeIgniter\View\{closure}()
 3 SYSTEMPATH\Common.php(1134): CodeIgniter\View\View->render('menu/cari', [], true)
 4 APPPATH\Controllers\Admin\Menu.php(42): view('menu/cari', [...])
 5 SYSTEMPATH\CodeIgniter.php(927): App\Controllers\Admin\Menu->read()
 6 SYSTEMPATH\CodeIgniter.php(482): CodeIgniter\CodeIgniter->runController(Object(App\Controllers\Admin\Menu))
 7 SYSTEMPATH\CodeIgniter.php(351): CodeIgniter\CodeIgniter->handleRequest(null, Object(Config\Cache), false)
 8 FCPATH\index.php(67): CodeIgniter\CodeIgniter->run()
CRITICAL - 2022-11-30 07:11:57 --> Call to a member function makeLinks() on null
in APPPATH\Views\menu\cari.php on line 73.
 1 SYSTEMPATH\View\View.php(213): include()
 2 SYSTEMPATH\View\View.php(216): CodeIgniter\View\View->CodeIgniter\View\{closure}()
 3 SYSTEMPATH\Common.php(1134): CodeIgniter\View\View->render('menu/cari', [], true)
 4 APPPATH\Controllers\Admin\Menu.php(53): view('menu/cari', [...])
 5 SYSTEMPATH\CodeIgniter.php(927): App\Controllers\Admin\Menu->read()
 6 SYSTEMPATH\CodeIgniter.php(482): CodeIgniter\CodeIgniter->runController(Object(App\Controllers\Admin\Menu))
 7 SYSTEMPATH\CodeIgniter.php(351): CodeIgniter\CodeIgniter->handleRequest(null, Object(Config\Cache), false)
 8 FCPATH\index.php(67): CodeIgniter\CodeIgniter->run()
ERROR - 2022-11-30 19:04:14 --> mysqli_sql_exception: Unknown column 'id' in 'where clause' in D:\xampp\htdocs\restoran-ci4\ci4\system\Database\MySQLi\Connection.php:292
Stack trace:
#0 D:\xampp\htdocs\restoran-ci4\ci4\system\Database\MySQLi\Connection.php(292): mysqli->query('DELETE FROM `tb...', 0)
#1 D:\xampp\htdocs\restoran-ci4\ci4\system\Database\BaseConnection.php(666): CodeIgniter\Database\MySQLi\Connection->execute('DELETE FROM `tb...')
#2 D:\xampp\htdocs\restoran-ci4\ci4\system\Database\BaseConnection.php(593): CodeIgniter\Database\BaseConnection->simpleQuery('DELETE FROM `tb...')
#3 D:\xampp\htdocs\restoran-ci4\ci4\system\Database\BaseBuilder.php(2391): CodeIgniter\Database\BaseConnection->query('DELETE FROM `tb...', Array, false)
#4 D:\xampp\htdocs\restoran-ci4\ci4\system\Model.php(401): CodeIgniter\Database\BaseBuilder->delete()
#5 D:\xampp\htdocs\restoran-ci4\ci4\system\BaseModel.php(984): CodeIgniter\Model->doDelete(Array, false)
#6 D:\xampp\htdocs\restoran-ci4\ci4\app\Controllers\Admin\Menu.php(77): CodeIgniter\BaseModel->delete(Array)
#7 D:\xampp\htdocs\restoran-ci4\ci4\system\CodeIgniter.php(927): App\Controllers\Admin\Menu->delete('23')
#8 D:\xampp\htdocs\restoran-ci4\ci4\system\CodeIgniter.php(482): CodeIgniter\CodeIgniter->runController(Object(App\Controllers\Admin\Menu))
#9 D:\xampp\htdocs\restoran-ci4\ci4\system\CodeIgniter.php(351): CodeIgniter\CodeIgniter->handleRequest(NULL, Object(Config\Cache), false)
#10 D:\xampp\htdocs\restoran-ci4\index.php(67): CodeIgniter\CodeIgniter->run()
#11 {main}
CRITICAL - 2022-11-30 19:04:14 --> Unknown column 'id' in 'where clause'
in SYSTEMPATH\Database\MySQLi\Connection.php on line 292.
 1 SYSTEMPATH\Database\MySQLi\Connection.php(292): mysqli->query('DELETE FROM `tblmenu`
WHERE `id` IN (\'23\')', 0)
 2 SYSTEMPATH\Database\BaseConnection.php(666): CodeIgniter\Database\MySQLi\Connection->execute('DELETE FROM `tblmenu`
WHERE `id` IN (\'23\')')
 3 SYSTEMPATH\Database\BaseConnection.php(593): CodeIgniter\Database\BaseConnection->simpleQuery('DELETE FROM `tblmenu`
WHERE `id` IN (\'23\')')
 4 SYSTEMPATH\Database\BaseBuilder.php(2391): CodeIgniter\Database\BaseConnection->query('DELETE FROM `tblmenu`
WHERE `id` IN :id:', [...], false)
 5 SYSTEMPATH\Model.php(401): CodeIgniter\Database\BaseBuilder->delete()
 6 SYSTEMPATH\BaseModel.php(984): CodeIgniter\Model->doDelete([...], false)
 7 APPPATH\Controllers\Admin\Menu.php(77): CodeIgniter\BaseModel->delete([...])
 8 SYSTEMPATH\CodeIgniter.php(927): App\Controllers\Admin\Menu->delete('23')
 9 SYSTEMPATH\CodeIgniter.php(482): CodeIgniter\CodeIgniter->runController(Object(App\Controllers\Admin\Menu))
10 SYSTEMPATH\CodeIgniter.php(351): CodeIgniter\CodeIgniter->handleRequest(null, Object(Config\Cache), false)
11 FCPATH\index.php(67): CodeIgniter\CodeIgniter->run()
